This file contains any messages produced by compilers while
running configure, to aid debugging if configure makes a mistake.

It was created by libxml2 configure 2.13.9, which was
generated by GNU Autoconf 2.71.  Invocation command line was

  $ ./configure --host=arm64-apple-darwin25 --enable-static --disable-shared '--libdir=/Users/harshmeel/Documents/Academic Website/vendor/bundle/ruby/4.0.0/gems/nokogiri-1.18.10/ports/arm64-darwin25/libxml2/2.13.9/lib' --with-legacy --with-iconv=yes --disable-dependency-tracking --without-python --without-readline --with-c14n --with-debug --with-threads --disable-shared --enable-static RANLIB=/usr/bin/ranlib CPPFLAGS= 'CFLAGS=-O2 -g -fPIC' '--prefix=/Users/harshmeel/Documents/Academic Website/vendor/bundle/ruby/4.0.0/gems/nokogiri-1.18.10/ports/arm64-darwin25/libxml2/2.13.9'

## --------- ##
## Platform. ##
## --------- ##

hostname = dhcp-vl2041-11097.eduroam.cornell.edu
uname -m = arm64
uname -r = 25.2.0
uname -s = Darwin
uname -v = Darwin Kernel Version 25.2.0: Tue Nov 18 21:09:45 PST 2025; root:xnu-12377.61.12~1/RELEASE_ARM64_T6030

/usr/bin/uname -p = arm
/bin/uname -X     = unknown

/bin/arch              = unknown
/usr/bin/arch -k       = unknown
/usr/convex/getsysinfo = unknown
/usr/bin/hostinfo      = Mach kernel version:
	 Darwin Kernel Version 25.2.0: Tue Nov 18 21:09:45 PST 2025; root:xnu-12377.61.12~1/RELEASE_ARM64_T6030
Kernel configured for up to 12 processors.
12 processors are physically available.
12 processors are logically available.
Processor type: arm64e (ARM64E)
Processors active: 0 1 2 3 4 5 6 7 8 9 10 11
Primary memory available: 36.00 gigabytes
Default processor set: 1037 tasks, 4938 threads, 12 processors
Load average: 17.34, Mach factor: 3.20
/bin/machine           = unknown
/usr/bin/oslevel       = unknown
/bin/universe          = unknown

PATH: /Users/harshmeel/.rbenv/versions/4.0.1/bin/
PATH: /opt/homebrew/Cellar/rbenv/1.3.2/libexec/
PATH: /Users/harshmeel/.rbenv/shims/
PATH: /Users/harshmeel/.rbenv/shims/
PATH: /opt/homebrew/bin/
PATH: /opt/homebrew/sbin/
PATH: /usr/local/bin/
PATH: /System/Cryptexes/App/usr/bin/
PATH: /usr/bin/
PATH: /bin/
PATH: /usr/sbin/
PATH: /sbin/
PATH: /var/run/com.apple.security.cryptexd/codex.system/bootstrap/usr/local/bin/
PATH: /var/run/com.apple.security.cryptexd/codex.system/bootstrap/usr/bin/
PATH: /var/run/com.apple.security.cryptexd/codex.system/bootstrap/usr/appleinternal/bin/
PATH: /opt/pmk/env/global/bin/


## ----------- ##
## Core tests. ##
## ----------- ##

configure:2658: looking for aux files: ltmain.sh compile missing install-sh config.guess config.sub
configure:2671:  trying ././
configure:2700:   ././ltmain.sh found
configure:2700:   ././compile found
configure:2700:   ././missing found
configure:2682:   ././install-sh found
configure:2700:   ././config.guess found
configure:2700:   ././config.sub found
configure:2823: checking build system type
configure:2838: result: aarch64-apple-darwin25.2.0
configure:2858: checking host system type
configure:2872: result: aarch64-apple-darwin25
configure:2938: checking for a BSD-compatible install
configure:3011: result: /usr/bin/install -c
configure:3022: checking whether build environment is sane
configure:3077: result: yes
configure:3133: checking for arm64-apple-darwin25-strip
configure:3168: result: no
configure:3178: checking for strip
configure:3199: found /usr/bin/strip
configure:3210: result: strip
configure:3236: checking for a race-free mkdir -p
configure:3280: result: ././install-sh -c -d
configure:3287: checking for gawk
configure:3322: result: no
configure:3287: checking for mawk
configure:3322: result: no
configure:3287: checking for nawk
configure:3322: result: no
configure:3287: checking for awk
configure:3308: found /usr/bin/awk
configure:3319: result: awk
configure:3330: checking whether make sets $(MAKE)
configure:3353: result: yes
configure:3383: checking whether make supports nested variables
configure:3401: result: yes
configure:3538: checking whether to enable maintainer-specific portions of Makefiles
configure:3548: result: yes
configure:3573: checking whether make supports nested variables
configure:3591: result: yes
configure:3620: checking for arm64-apple-darwin25-gcc
configure:3652: result: clang
configure:4050: checking for C compiler version
configure:4059: clang --version >&5
Apple clang version 17.0.0 (clang-1700.6.3.2)
Target: arm64-apple-darwin25.2.0
Thread model: posix
InstalledDir: /Library/Developer/CommandLineTools/usr/bin
configure:4070: $? = 0
configure:4059: clang -v >&5
Apple clang version 17.0.0 (clang-1700.6.3.2)
Target: arm64-apple-darwin25.2.0
Thread model: posix
InstalledDir: /Library/Developer/CommandLineTools/usr/bin
configure:4070: $? = 0
configure:4059: clang -V >&5
clang: error: argument to '-V' is missing (expected 1 value)
clang: error: no input files
configure:4070: $? = 1
configure:4059: clang -qversion >&5
clang: error: unknown argument '-qversion'; did you mean '--version'?
clang: error: no input files
configure:4070: $? = 1
configure:4059: clang -version >&5
clang: error: unknown argument '-version'; did you mean '--version'?
clang: error: no input files
configure:4070: $? = 1
configure:4090: checking whether the C compiler works
configure:4112: clang -O2 -g -fPIC   conftest.c  >&5
configure:4116: $? = 0
configure:4166: result: yes
configure:4169: checking for C compiler default output file name
configure:4171: result: a.out
configure:4177: checking for suffix of executables
configure:4184: clang -o conftest -O2 -g -fPIC   conftest.c  >&5
configure:4188: $? = 0
configure:4211: result: 
configure:4233: checking whether we are cross compiling
configure:4241: clang -o conftest -O2 -g -fPIC   conftest.c  >&5
configure:4245: $? = 0
configure:4252: ./conftest
configure:4256: $? = 0
configure:4271: result: no
configure:4276: checking for suffix of object files
configure:4299: clang -c -O2 -g -fPIC  conftest.c >&5
configure:4303: $? = 0
configure:4325: result: o
configure:4329: checking whether the compiler supports GNU C
configure:4349: clang -c -O2 -g -fPIC  conftest.c >&5
configure:4349: $? = 0
configure:4359: result: yes
configure:4370: checking whether clang accepts -g
configure:4391: clang -c -g  conftest.c >&5
configure:4391: $? = 0
configure:4435: result: yes
configure:4455: checking for clang option to enable C11 features
configure:4470: clang  -c -O2 -g -fPIC  conftest.c >&5
conftest.c:25:14: warning: a function definition without a prototype is deprecated in all versions of C and is not supported in C23 [-Wdeprecated-non-prototype]
   25 | static char *e (p, i)
      |              ^
1 warning generated.
configure:4470: $? = 0
configure:4488: result: none needed
configure:4604: checking whether clang understands -c and -o together
configure:4627: clang -c conftest.c -o conftest2.o
configure:4630: $? = 0
configure:4627: clang -c conftest.c -o conftest2.o
configure:4630: $? = 0
configure:4642: result: yes
configure:4662: checking whether make supports the include directive
configure:4677: make -f confmf.GNU && cat confinc.out
this is the am__doit target
configure:4680: $? = 0
configure:4699: result: yes (GNU style)
configure:4725: checking dependency style of clang
configure:4837: result: none
configure:4853: checking whether ln -s works
configure:4857: result: yes
configure:4867: checking for tar
configure:4890: found /usr/bin/tar
configure:4903: result: /usr/bin/tar
configure:4913: checking for perl
configure:4936: found /usr/bin/perl
configure:4949: result: /usr/bin/perl
configure:4959: checking for wget
configure:4995: result: /usr/bin/wget
configure:5005: checking for xsltproc
configure:5028: found /usr/bin/xsltproc
configure:5041: result: /usr/bin/xsltproc
configure:5060: checking for arm64-apple-darwin25-pkg-config
configure:5098: result: no
configure:5108: checking for pkg-config
configure:5131: found /opt/homebrew/bin/pkg-config
configure:5143: result: /opt/homebrew/bin/pkg-config
configure:5168: checking pkg-config is at least version 0.9.0
configure:5171: result: yes
configure:5182: WARNING: Libtool does not cope well with whitespace in `pwd`
configure:5227: checking how to print strings
configure:5254: result: printf
configure:5275: checking for a sed that does not truncate output
configure:5345: result: /usr/bin/sed
configure:5363: checking for grep that handles long lines and -e
configure:5427: result: /usr/bin/grep
configure:5432: checking for egrep
configure:5500: result: /usr/bin/grep -E
configure:5505: checking for fgrep
configure:5573: result: /usr/bin/grep -F
configure:5609: checking for ld used by clang
configure:5677: result: ld
configure:5684: checking if the linker (ld) is GNU ld
configure:5700: result: no
configure:5712: checking for BSD- or MS-compatible name lister (nm)
configure:5767: result: no
configure:5781: checking for arm64-apple-darwin25-dumpbin
configure:5816: result: no
configure:5781: checking for arm64-apple-darwin25-link
configure:5816: result: no
configure:5830: checking for dumpbin
configure:5865: result: no
configure:5830: checking for link
configure:5851: found /bin/link
configure:5862: result: link -dump
configure:5907: checking the name lister (nm) interface
configure:5915: clang -c -O2 -g -fPIC  conftest.c >&5
configure:5918: nm "conftest.o"
configure:5921: output
0000000000000330 S _some_variable
0000000000000000 t ltmp0
0000000000000330 s ltmp1
configure:5928: result: BSD nm
configure:5932: checking the maximum length of command line arguments
configure:6064: result: 786432
configure:6112: checking how to convert aarch64-apple-darwin25.2.0 file names to aarch64-apple-darwin25 format
configure:6153: result: func_convert_file_noop
configure:6160: checking how to convert aarch64-apple-darwin25.2.0 file names to toolchain format
configure:6181: result: func_convert_file_noop
configure:6188: checking for ld option to reload object files
configure:6196: result: -r
configure:6230: checking for arm64-apple-darwin25-file
configure:6265: result: no
configure:6275: checking for file
configure:6296: found /usr/bin/file
configure:6307: result: file
configure:6338: checking for arm64-apple-darwin25-objdump
configure:6373: result: no
configure:6383: checking for objdump
configure:6404: found /usr/bin/objdump
configure:6415: result: objdump
configure:6447: checking how to recognize dependent libraries
configure:6648: result: pass_all
configure:6693: checking for arm64-apple-darwin25-dlltool
configure:6728: result: no
configure:6738: checking for dlltool
configure:6773: result: no
configure:6803: checking how to associate runtime and link libraries
configure:6831: result: printf %s\n
configure:6848: checking for arm64-apple-darwin25-ar
configure:6880: result: ar
configure:6982: checking for archiver @FILE support
configure:7000: clang -c -O2 -g -fPIC  conftest.c >&5
configure:7000: $? = 0
configure:7004: ar cr libconftest.a @conftest.lst >&5
ar: @conftest.lst: No such file or directory
configure:7007: $? = 1
configure:7027: result: no
configure:7045: checking for arm64-apple-darwin25-strip
configure:7077: result: strip
configure:7154: checking for arm64-apple-darwin25-ranlib
configure:7186: result: /usr/bin/ranlib
configure:7333: checking command to parse nm output from clang object
configure:7487: clang -c -O2 -g -fPIC  conftest.c >&5
configure:7490: $? = 0
configure:7494: nm conftest.o | /usr/bin/sed -n -e 's/^.*[	 ]\([ABCDGIRSTW][ABCDGIRSTW]*\)[	 ][	 ]*\([_A-Za-z][_A-Za-z0-9]*\)$/\1 \2 \2/p' | /usr/bin/sed '/ __gnu_lto/d' > conftest.nm
cannot find nm_test_var in conftest.nm
configure:7487: clang -c -O2 -g -fPIC  conftest.c >&5
configure:7490: $? = 0
configure:7494: nm conftest.o | /usr/bin/sed -n -e 's/^.*[	 ]\([ABCDGIRSTW][ABCDGIRSTW]*\)[	 ][	 ]*_\([_A-Za-z][_A-Za-z0-9]*\)$/\1 _\2 \2/p' | /usr/bin/sed '/ __gnu_lto/d' > conftest.nm
configure:7560: clang -o conftest -O2 -g -fPIC   conftest.c conftstm.o >&5
configure:7563: $? = 0
configure:7601: result: ok
configure:7648: checking for sysroot
configure:7679: result: no
configure:7686: checking for a working dd
configure:7730: result: /bin/dd
configure:7734: checking how to truncate binary pipes
configure:7750: result: /bin/dd bs=4096 count=1
configure:8042: checking for arm64-apple-darwin25-mt
configure:8077: result: no
configure:8087: checking for mt
configure:8122: result: no
configure:8142: checking if : is a manifest tool
configure:8149: : '-?'
configure:8157: result: no
configure:8173: checking for arm64-apple-darwin25-dsymutil
configure:8208: result: no
configure:8218: checking for dsymutil
configure:8239: found /usr/bin/dsymutil
configure:8250: result: dsymutil
configure:8275: checking for arm64-apple-darwin25-nmedit
configure:8310: result: no
configure:8320: checking for nmedit
configure:8341: found /usr/bin/nmedit
configure:8352: result: nmedit
configure:8377: checking for arm64-apple-darwin25-lipo
configure:8412: result: no
configure:8422: checking for lipo
configure:8443: found /usr/bin/lipo
configure:8454: result: lipo
configure:8479: checking for arm64-apple-darwin25-otool
configure:8514: result: no
configure:8524: checking for otool
configure:8545: found /usr/bin/otool
configure:8556: result: otool
configure:8581: checking for arm64-apple-darwin25-otool64
configure:8616: result: no
configure:8626: checking for otool64
configure:8661: result: no
configure:8706: checking for -single_module linker flag
clang -O2 -g -fPIC  -o libconftest.dylib -dynamiclib -Wl,-single_module conftest.c
ld: warning: -single_module is obsolete
configure:8740: result: no
configure:8743: checking for -exported_symbols_list linker flag
configure:8764: clang -o conftest -O2 -g -fPIC   -Wl,-exported_symbols_list,conftest.sym conftest.c  >&5
configure:8764: $? = 0
configure:8775: result: yes
configure:8778: checking for -force_load linker flag
clang -O2 -g -fPIC -c -o conftest.o conftest.c
ar cr libconftest.a conftest.o
/usr/bin/ranlib libconftest.a
clang -O2 -g -fPIC  -o conftest conftest.c -Wl,-force_load,./libconftest.a
configure:8811: result: yes
configure:8882: checking for stdio.h
configure:8882: clang -c -O2 -g -fPIC  conftest.c >&5
configure:8882: $? = 0
configure:8882: result: yes
configure:8882: checking for stdlib.h
configure:8882: clang -c -O2 -g -fPIC  conftest.c >&5
configure:8882: $? = 0
configure:8882: result: yes
configure:8882: checking for string.h
configure:8882: clang -c -O2 -g -fPIC  conftest.c >&5
configure:8882: $? = 0
configure:8882: result: yes
configure:8882: checking for inttypes.h
configure:8882: clang -c -O2 -g -fPIC  conftest.c >&5
configure:8882: $? = 0
configure:8882: result: yes
configure:8882: checking for stdint.h
configure:8882: clang -c -O2 -g -fPIC  conftest.c >&5
configure:8882: $? = 0
configure:8882: result: yes
configure:8882: checking for strings.h
configure:8882: clang -c -O2 -g -fPIC  conftest.c >&5
configure:8882: $? = 0
configure:8882: result: yes
configure:8882: checking for sys/stat.h
configure:8882: clang -c -O2 -g -fPIC  conftest.c >&5
configure:8882: $? = 0
configure:8882: result: yes
configure:8882: checking for sys/types.h
configure:8882: clang -c -O2 -g -fPIC  conftest.c >&5
configure:8882: $? = 0
configure:8882: result: yes
configure:8882: checking for unistd.h
configure:8882: clang -c -O2 -g -fPIC  conftest.c >&5
configure:8882: $? = 0
configure:8882: result: yes
configure:8907: checking for dlfcn.h
configure:8907: clang -c -O2 -g -fPIC  conftest.c >&5
configure:8907: $? = 0
configure:8907: result: yes
configure:9165: checking for objdir
configure:9181: result: .libs
configure:9445: checking if clang supports -fno-rtti -fno-exceptions
configure:9464: clang -c -O2 -g -fPIC  -fno-rtti -fno-exceptions conftest.c >&5
configure:9468: $? = 0
configure:9481: result: yes
configure:9845: checking for clang option to produce PIC
configure:9853: result: -fno-common -DPIC
configure:9861: checking if clang PIC flag -fno-common -DPIC works
configure:9880: clang -c -O2 -g -fPIC  -fno-common -DPIC -DPIC conftest.c >&5
configure:9884: $? = 0
configure:9897: result: yes
configure:9926: checking if clang static flag -static works
configure:9955: result: no
configure:9970: checking if clang supports -c -o file.o
configure:9992: clang -c -O2 -g -fPIC  -o out/conftest2.o conftest.c >&5
configure:9996: $? = 0
configure:10018: result: yes
configure:10026: checking if clang supports -c -o file.o
configure:10074: result: yes
configure:10107: checking whether the clang linker (ld) supports shared libraries
configure:11381: result: yes
configure:11622: checking dynamic linker characteristics
configure:12455: result: darwin25 dyld
configure:12577: checking how to hardcode library paths into programs
configure:12602: result: immediate
configure:13154: checking whether stripping libraries is possible
configure:13171: result: yes
configure:13205: checking if libtool supports shared libraries
configure:13207: result: yes
configure:13210: checking whether to build shared libraries
configure:13235: result: no
configure:13238: checking whether to build static libraries
configure:13242: result: yes
configure:13810: checking for stdint.h
configure:13810: result: yes
configure:13817: checking for fcntl.h
configure:13817: clang -c -O2 -g -fPIC  conftest.c >&5
configure:13817: $? = 0
configure:13817: result: yes
configure:13823: checking for unistd.h
configure:13823: result: yes
configure:13829: checking for sys/stat.h
configure:13829: result: yes
configure:13836: checking for sys/mman.h
configure:13836: clang -c -O2 -g -fPIC  conftest.c >&5
configure:13836: $? = 0
configure:13836: result: yes
configure:13843: checking for sys/time.h
configure:13843: clang -c -O2 -g -fPIC  conftest.c >&5
configure:13843: $? = 0
configure:13843: result: yes
configure:13849: checking for sys/timeb.h
configure:13849: clang -c -O2 -g -fPIC  conftest.c >&5
configure:13849: $? = 0
configure:13849: result: yes
configure:13856: checking for sys/random.h
configure:13856: clang -c -O2 -g -fPIC  conftest.c >&5
configure:13856: $? = 0
configure:13856: result: yes
configure:13863: checking for dl.h
configure:13863: clang -c -O2 -g -fPIC  conftest.c >&5
conftest.c:59:10: fatal error: 'dl.h' file not found
   59 | #include <dl.h>
      |          ^~~~~~
1 error generated.
configure:13863: $? = 1
configure: failed program was:
| /* confdefs.h */
| #define PACKAGE_NAME "libxml2"
| #define PACKAGE_TARNAME "libxml2"
| #define PACKAGE_VERSION "2.13.9"
| #define PACKAGE_STRING "libxml2 2.13.9"
| #define PACKAGE_BUGREPORT ""
| #define PACKAGE_URL ""
| #define PACKAGE "libxml2"
| #define VERSION "2.13.9"
| #define HAVE_STDIO_H 1
| #define HAVE_STDLIB_H 1
| #define HAVE_STRING_H 1
| #define HAVE_INTTYPES_H 1
| #define HAVE_STDINT_H 1
| #define HAVE_STRINGS_H 1
| #define HAVE_SYS_STAT_H 1
| #define HAVE_SYS_TYPES_H 1
| #define HAVE_UNISTD_H 1
| #define STDC_HEADERS 1
| #define HAVE_DLFCN_H 1
| #define LT_OBJDIR ".libs/"
| #define HAVE_STDINT_H 1
| #define HAVE_FCNTL_H 1
| #define HAVE_UNISTD_H 1
| #define HAVE_SYS_STAT_H 1
| #define HAVE_SYS_MMAN_H 1
| #define HAVE_SYS_TIME_H 1
| #define HAVE_SYS_TIMEB_H 1
| #define HAVE_SYS_RANDOM_H 1
| /* end confdefs.h.  */
| #include <stddef.h>
| #ifdef HAVE_STDIO_H
| # include <stdio.h>
| #endif
| #ifdef HAVE_STDLIB_H
| # include <stdlib.h>
| #endif
| #ifdef HAVE_STRING_H
| # include <string.h>
| #endif
| #ifdef HAVE_INTTYPES_H
| # include <inttypes.h>
| #endif
| #ifdef HAVE_STDINT_H
| # include <stdint.h>
| #endif
| #ifdef HAVE_STRINGS_H
| # include <strings.h>
| #endif
| #ifdef HAVE_SYS_TYPES_H
| # include <sys/types.h>
| #endif
| #ifdef HAVE_SYS_STAT_H
| # include <sys/stat.h>
| #endif
| #ifdef HAVE_UNISTD_H
| # include <unistd.h>
| #endif
| #include <dl.h>
configure:13863: result: no
configure:13869: checking for dlfcn.h
configure:13869: result: yes
configure:13876: checking for glob.h
configure:13876: clang -c -O2 -g -fPIC  conftest.c >&5
configure:13876: $? = 0
configure:13876: result: yes
configure:13892: checking for gettimeofday
configure:13892: clang -o conftest -O2 -g -fPIC   conftest.c  >&5
configure:13892: $? = 0
configure:13892: result: yes
configure:13898: checking for ftime
configure:13898: clang -o conftest -O2 -g -fPIC   conftest.c  >&5
configure:13898: $? = 0
configure:13898: result: yes
configure:13904: checking for stat
configure:13904: clang -o conftest -O2 -g -fPIC   conftest.c  >&5
configure:13904: $? = 0
configure:13904: result: yes
configure:13910: checking for mmap
configure:13910: clang -o conftest -O2 -g -fPIC   conftest.c  >&5
configure:13910: $? = 0
configure:13910: result: yes
configure:13916: checking for munmap
configure:13916: clang -o conftest -O2 -g -fPIC   conftest.c  >&5
configure:13916: $? = 0
configure:13916: result: yes
configure:13926: checking for clang options needed to detect all undeclared functions
configure:13948: clang -c -O2 -g -fPIC   conftest.c >&5
conftest.c:42:8: error: call to undeclared library function 'strchr' with type 'char *(const char *, int)'; ISO C99 and later do not support implicit function declarations [-Wimplicit-function-declaration]
   42 | (void) strchr;
      |        ^
conftest.c:42:8: note: include the header <string.h> or explicitly provide a declaration for 'strchr'
1 error generated.
configure:13948: $? = 1
configure: failed program was:
| /* confdefs.h */
| #define PACKAGE_NAME "libxml2"
| #define PACKAGE_TARNAME "libxml2"
| #define PACKAGE_VERSION "2.13.9"
| #define PACKAGE_STRING "libxml2 2.13.9"
| #define PACKAGE_BUGREPORT ""
| #define PACKAGE_URL ""
| #define PACKAGE "libxml2"
| #define VERSION "2.13.9"
| #define HAVE_STDIO_H 1
| #define HAVE_STDLIB_H 1
| #define HAVE_STRING_H 1
| #define HAVE_INTTYPES_H 1
| #define HAVE_STDINT_H 1
| #define HAVE_STRINGS_H 1
| #define HAVE_SYS_STAT_H 1
| #define HAVE_SYS_TYPES_H 1
| #define HAVE_UNISTD_H 1
| #define STDC_HEADERS 1
| #define HAVE_DLFCN_H 1
| #define LT_OBJDIR ".libs/"
| #define HAVE_STDINT_H 1
| #define HAVE_FCNTL_H 1
| #define HAVE_UNISTD_H 1
| #define HAVE_SYS_STAT_H 1
| #define HAVE_SYS_MMAN_H 1
| #define HAVE_SYS_TIME_H 1
| #define HAVE_SYS_TIMEB_H 1
| #define HAVE_SYS_RANDOM_H 1
| #define HAVE_DLFCN_H 1
| #define HAVE_GLOB_H 1
| #define HAVE_GETTIMEOFDAY 1
| #define HAVE_FTIME 1
| #define HAVE_STAT 1
| #define HAVE_MMAP 1
| #define HAVE_MUNMAP 1
| /* end confdefs.h.  */
| 
| int
| main (void)
| {
| (void) strchr;
|   ;
|   return 0;
| }
configure:13975: clang -c -O2 -g -fPIC   conftest.c >&5
configure:13975: $? = 0
configure:13992: result: none needed
configure:14006: checking whether getentropy is declared
configure:14006: clang -c -O2 -g -fPIC   conftest.c >&5
configure:14006: $? = 0
configure:14006: result: yes
configure:14016: checking for sys/socket.h
configure:14016: clang -c -O2 -g -fPIC  conftest.c >&5
configure:14016: $? = 0
configure:14016: result: yes
configure:14022: checking for netinet/in.h
configure:14022: clang -c -O2 -g -fPIC  conftest.c >&5
configure:14022: $? = 0
configure:14022: result: yes
configure:14028: checking for arpa/inet.h
configure:14028: clang -c -O2 -g -fPIC  conftest.c >&5
configure:14028: $? = 0
configure:14028: result: yes
configure:14034: checking for netdb.h
configure:14034: clang -c -O2 -g -fPIC  conftest.c >&5
configure:14034: $? = 0
configure:14034: result: yes
configure:14041: checking for sys/select.h
configure:14041: clang -c -O2 -g -fPIC  conftest.c >&5
configure:14041: $? = 0
configure:14041: result: yes
configure:14047: checking for poll.h
configure:14047: clang -c -O2 -g -fPIC  conftest.c >&5
configure:14047: $? = 0
configure:14047: result: yes
configure:14061: checking for library containing gethostbyname
configure:14091: clang -o conftest -O2 -g -fPIC   conftest.c  >&5
configure:14091: $? = 0
configure:14111: result: none required
configure:14125: checking for library containing connect
configure:14155: clang -o conftest -O2 -g -fPIC   conftest.c  >&5
configure:14155: $? = 0
configure:14175: result: none required
configure:14193: checking for type of socket length (socklen_t)
configure:14210: clang -c -O2 -g -fPIC  conftest.c >&5
configure:14213: result: socklen_t *
configure:14291: checking whether to enable IPv6
configure:14317: clang -c -O2 -g -fPIC  conftest.c >&5
configure:14317: $? = 0
configure:14323: result: yes
configure:14388: checking whether __attribute__((destructor)) is accepted
configure:14400: clang -c -O2 -g -fPIC  conftest.c >&5
configure:14403: result: yes
configure:15433: checking for library containing dlopen
configure:15463: clang -o conftest -O2 -g -fPIC   conftest.c  >&5
configure:15463: $? = 0
configure:15483: result: none required
configure:15599: checking for pthread.h
configure:15599: clang -c -O2 -g -fPIC  conftest.c >&5
configure:15599: $? = 0
configure:15599: result: yes
configure:15603: checking for library containing pthread_create
configure:15633: clang -o conftest -O2 -g -fPIC   conftest.c  >&5
configure:15633: $? = 0
configure:15653: result: none required
configure:15876: checking for zlib
configure:15883: $PKG_CONFIG --exists --print-errors "zlib"
configure:15886: $? = 0
configure:15900: $PKG_CONFIG --exists --print-errors "zlib"
configure:15903: $? = 0
configure:15941: result: yes
configure:16040: checking for liblzma
configure:16047: $PKG_CONFIG --exists --print-errors "liblzma"
configure:16050: $? = 0
configure:16064: $PKG_CONFIG --exists --print-errors "liblzma"
configure:16067: $? = 0
configure:16105: result: yes
configure:16208: checking for libiconv
configure:16223: clang -o conftest -O2 -g -fPIC   conftest.c  >&5
conftest.c:50:9: warning: 'HAVE_PTHREAD_H' macro redefined [-Wmacro-redefined]
   50 | #define HAVE_PTHREAD_H /**/
      |         ^
conftest.c:49:9: note: previous definition is here
   49 | #define HAVE_PTHREAD_H 1
      |         ^
1 warning generated.
Undefined symbols for architecture arm64:
  "_iconv_open", referenced from:
      _main in conftest-c754e7.o
ld: symbol(s) not found for architecture arm64
clang: error: linker command failed with exit code 1 (use -v to see invocation)
configure:16223: $? = 1
configure: failed program was:
| /* confdefs.h */
| #define PACKAGE_NAME "libxml2"
| #define PACKAGE_TARNAME "libxml2"
| #define PACKAGE_VERSION "2.13.9"
| #define PACKAGE_STRING "libxml2 2.13.9"
| #define PACKAGE_BUGREPORT ""
| #define PACKAGE_URL ""
| #define PACKAGE "libxml2"
| #define VERSION "2.13.9"
| #define HAVE_STDIO_H 1
| #define HAVE_STDLIB_H 1
| #define HAVE_STRING_H 1
| #define HAVE_INTTYPES_H 1
| #define HAVE_STDINT_H 1
| #define HAVE_STRINGS_H 1
| #define HAVE_SYS_STAT_H 1
| #define HAVE_SYS_TYPES_H 1
| #define HAVE_UNISTD_H 1
| #define STDC_HEADERS 1
| #define HAVE_DLFCN_H 1
| #define LT_OBJDIR ".libs/"
| #define HAVE_STDINT_H 1
| #define HAVE_FCNTL_H 1
| #define HAVE_UNISTD_H 1
| #define HAVE_SYS_STAT_H 1
| #define HAVE_SYS_MMAN_H 1
| #define HAVE_SYS_TIME_H 1
| #define HAVE_SYS_TIMEB_H 1
| #define HAVE_SYS_RANDOM_H 1
| #define HAVE_DLFCN_H 1
| #define HAVE_GLOB_H 1
| #define HAVE_GETTIMEOFDAY 1
| #define HAVE_FTIME 1
| #define HAVE_STAT 1
| #define HAVE_MMAP 1
| #define HAVE_MUNMAP 1
| #define HAVE_GETENTROPY 1
| #define HAVE_SYS_SOCKET_H 1
| #define HAVE_NETINET_IN_H 1
| #define HAVE_ARPA_INET_H 1
| #define HAVE_NETDB_H 1
| #define HAVE_SYS_SELECT_H 1
| #define HAVE_POLL_H 1
| #define XML_SOCKLEN_T socklen_t
| #define SUPPORT_IP6 /**/
| #define HAVE_ATTRIBUTE_DESTRUCTOR 1
| #define ATTRIBUTE_DESTRUCTOR __attribute__((destructor))
| #define HAVE_DLOPEN /**/
| #define HAVE_PTHREAD_H 1
| #define HAVE_PTHREAD_H /**/
| /* end confdefs.h.  */
| 
|         #include <iconv.h>
| int
| main (void)
| {
| iconv_open(0,0);
|   ;
|   return 0;
| }
| 
configure:16246: clang -o conftest -O2 -g -fPIC   conftest.c  -liconv >&5
conftest.c:50:9: warning: 'HAVE_PTHREAD_H' macro redefined [-Wmacro-redefined]
   50 | #define HAVE_PTHREAD_H /**/
      |         ^
conftest.c:49:9: note: previous definition is here
   49 | #define HAVE_PTHREAD_H 1
      |         ^
1 warning generated.
configure:16246: $? = 0
configure:16251: result: yes
configure:16665: checking that generated files are newer than configure
configure:16671: result: done
configure:16794: creating ./config.status

## ---------------------- ##
## Running config.status. ##
## ---------------------- ##

This file was extended by libxml2 config.status 2.13.9, which was
generated by GNU Autoconf 2.71.  Invocation command line was

  CONFIG_FILES    = 
  CONFIG_HEADERS  = 
  CONFIG_LINKS    = 
  CONFIG_COMMANDS = 
  $ ./config.status 

on dhcp-vl2041-11097.eduroam.cornell.edu

config.status:1272: creating Makefile
config.status:1272: creating include/Makefile
config.status:1272: creating include/libxml/Makefile
config.status:1272: creating include/private/Makefile
config.status:1272: creating doc/Makefile
config.status:1272: creating doc/devhelp/Makefile
config.status:1272: creating example/Makefile
config.status:1272: creating fuzz/Makefile
config.status:1272: creating python/Makefile
config.status:1272: creating python/tests/Makefile
config.status:1272: creating xstc/Makefile
config.status:1272: creating include/libxml/xmlversion.h
config.status:1272: creating libxml-2.0.pc
config.status:1272: creating libxml-2.0-uninstalled.pc
config.status:1272: creating libxml2-config.cmake
config.status:1272: creating python/setup.py
config.status:1272: creating xml2-config
config.status:1272: creating config.h
config.status:1501: executing depfiles commands
config.status:1501: executing libtool commands

## ---------------- ##
## Cache variables. ##
## ---------------- ##

ac_cv_build=aarch64-apple-darwin25.2.0
ac_cv_c_compiler_gnu=yes
ac_cv_c_undeclared_builtin_options='none needed'
ac_cv_env_CC_set=set
ac_cv_env_CC_value=clang
ac_cv_env_CFLAGS_set=set
ac_cv_env_CFLAGS_value='-O2 -g -fPIC'
ac_cv_env_CPPFLAGS_set=set
ac_cv_env_CPPFLAGS_value=
ac_cv_env_ICU_CFLAGS_set=
ac_cv_env_ICU_CFLAGS_value=
ac_cv_env_ICU_DEFS_set=
ac_cv_env_ICU_DEFS_value=
ac_cv_env_ICU_LIBS_set=
ac_cv_env_ICU_LIBS_value=
ac_cv_env_LDFLAGS_set=
ac_cv_env_LDFLAGS_value=
ac_cv_env_LIBS_set=
ac_cv_env_LIBS_value=
ac_cv_env_LT_SYS_LIBRARY_PATH_set=
ac_cv_env_LT_SYS_LIBRARY_PATH_value=
ac_cv_env_LZMA_CFLAGS_set=
ac_cv_env_LZMA_CFLAGS_value=
ac_cv_env_LZMA_LIBS_set=
ac_cv_env_LZMA_LIBS_value=
ac_cv_env_PKG_CONFIG_LIBDIR_set=
ac_cv_env_PKG_CONFIG_LIBDIR_value=
ac_cv_env_PKG_CONFIG_PATH_set=
ac_cv_env_PKG_CONFIG_PATH_value=
ac_cv_env_PKG_CONFIG_set=
ac_cv_env_PKG_CONFIG_value=
ac_cv_env_PYTHON_CFLAGS_set=
ac_cv_env_PYTHON_CFLAGS_value=
ac_cv_env_PYTHON_LIBS_set=
ac_cv_env_PYTHON_LIBS_value=
ac_cv_env_PYTHON_set=
ac_cv_env_PYTHON_value=
ac_cv_env_Z_CFLAGS_set=
ac_cv_env_Z_CFLAGS_value=
ac_cv_env_Z_LIBS_set=
ac_cv_env_Z_LIBS_value=
ac_cv_env_build_alias_set=
ac_cv_env_build_alias_value=
ac_cv_env_host_alias_set=set
ac_cv_env_host_alias_value=arm64-apple-darwin25
ac_cv_env_target_alias_set=
ac_cv_env_target_alias_value=
ac_cv_func_ftime=yes
ac_cv_func_gettimeofday=yes
ac_cv_func_mmap=yes
ac_cv_func_munmap=yes
ac_cv_func_stat=yes
ac_cv_have_decl_getentropy=yes
ac_cv_header_arpa_inet_h=yes
ac_cv_header_dl_h=no
ac_cv_header_dlfcn_h=yes
ac_cv_header_fcntl_h=yes
ac_cv_header_glob_h=yes
ac_cv_header_inttypes_h=yes
ac_cv_header_netdb_h=yes
ac_cv_header_netinet_in_h=yes
ac_cv_header_poll_h=yes
ac_cv_header_pthread_h=yes
ac_cv_header_stdint_h=yes
ac_cv_header_stdio_h=yes
ac_cv_header_stdlib_h=yes
ac_cv_header_string_h=yes
ac_cv_header_strings_h=yes
ac_cv_header_sys_mman_h=yes
ac_cv_header_sys_random_h=yes
ac_cv_header_sys_select_h=yes
ac_cv_header_sys_socket_h=yes
ac_cv_header_sys_stat_h=yes
ac_cv_header_sys_time_h=yes
ac_cv_header_sys_timeb_h=yes
ac_cv_header_sys_types_h=yes
ac_cv_header_unistd_h=yes
ac_cv_host=aarch64-apple-darwin25
ac_cv_objext=o
ac_cv_path_EGREP='/usr/bin/grep -E'
ac_cv_path_FGREP='/usr/bin/grep -F'
ac_cv_path_GREP=/usr/bin/grep
ac_cv_path_PERL=/usr/bin/perl
ac_cv_path_SED=/usr/bin/sed
ac_cv_path_TAR=/usr/bin/tar
ac_cv_path_WGET=/usr/bin/wget
ac_cv_path_XSLTPROC=/usr/bin/xsltproc
ac_cv_path_ac_pt_PKG_CONFIG=/opt/homebrew/bin/pkg-config
ac_cv_path_install='/usr/bin/install -c'
ac_cv_path_lt_DD=/bin/dd
ac_cv_prog_AR=ar
ac_cv_prog_AWK=awk
ac_cv_prog_CC=clang
ac_cv_prog_RANLIB=/usr/bin/ranlib
ac_cv_prog_STRIP=strip
ac_cv_prog_ac_ct_DSYMUTIL=dsymutil
ac_cv_prog_ac_ct_DUMPBIN='link -dump'
ac_cv_prog_ac_ct_FILECMD=file
ac_cv_prog_ac_ct_LIPO=lipo
ac_cv_prog_ac_ct_NMEDIT=nmedit
ac_cv_prog_ac_ct_OBJDUMP=objdump
ac_cv_prog_ac_ct_OTOOL=otool
ac_cv_prog_ac_ct_STRIP=strip
ac_cv_prog_cc_c11=
ac_cv_prog_cc_g=yes
ac_cv_prog_cc_stdc=
ac_cv_prog_make_make_set=yes
ac_cv_search_connect='none required'
ac_cv_search_dlopen='none required'
ac_cv_search_gethostbyname='none required'
ac_cv_search_pthread_create='none required'
am_cv_CC_dependencies_compiler_type=none
am_cv_make_support_nested_variables=yes
am_cv_prog_cc_c_o=yes
lt_cv_apple_cc_single_mod=no
lt_cv_ar_at_file=no
lt_cv_deplibs_check_method=pass_all
lt_cv_file_magic_cmd='$MAGIC_CMD'
lt_cv_file_magic_test_file=
lt_cv_ld_exported_symbols_list=yes
lt_cv_ld_force_load=yes
lt_cv_ld_reload_flag=-r
lt_cv_nm_interface='BSD nm'
lt_cv_objdir=.libs
lt_cv_path_LD=ld
lt_cv_path_NM=no
lt_cv_path_mainfest_tool=no
lt_cv_prog_compiler_c_o=yes
lt_cv_prog_compiler_pic='-fno-common -DPIC'
lt_cv_prog_compiler_pic_works=yes
lt_cv_prog_compiler_rtti_exceptions=yes
lt_cv_prog_compiler_static_works=no
lt_cv_prog_gnu_ld=no
lt_cv_sharedlib_from_linklib_cmd='printf %s\n'
lt_cv_sys_global_symbol_pipe='/usr/bin/sed -n -e '\''s/^.*[	 ]\([ABCDGIRSTW][ABCDGIRSTW]*\)[	 ][	 ]*_\([_A-Za-z][_A-Za-z0-9]*\)$/\1 _\2 \2/p'\'' | /usr/bin/sed '\''/ __gnu_lto/d'\'''
lt_cv_sys_global_symbol_to_c_name_address='/usr/bin/sed -n -e '\''s/^: \(.*\) .*$/  {"\1", (void *) 0},/p'\'' -e '\''s/^[ABCDGIRSTW][ABCDGIRSTW]* .* \(.*\)$/  {"\1", (void *) \&\1},/p'\'''
lt_cv_sys_global_symbol_to_c_name_address_lib_prefix='/usr/bin/sed -n -e '\''s/^: \(.*\) .*$/  {"\1", (void *) 0},/p'\'' -e '\''s/^[ABCDGIRSTW][ABCDGIRSTW]* .* \(lib.*\)$/  {"\1", (void *) \&\1},/p'\'' -e '\''s/^[ABCDGIRSTW][ABCDGIRSTW]* .* \(.*\)$/  {"lib\1", (void *) \&\1},/p'\'''
lt_cv_sys_global_symbol_to_cdecl='/usr/bin/sed -n -e '\''s/^T .* \(.*\)$/extern int \1();/p'\'' -e '\''s/^[ABCDGIRSTW][ABCDGIRSTW]* .* \(.*\)$/extern char \1;/p'\'''
lt_cv_sys_global_symbol_to_import=
lt_cv_sys_max_cmd_len=786432
lt_cv_to_host_file_cmd=func_convert_file_noop
lt_cv_to_tool_file_cmd=func_convert_file_noop
lt_cv_truncate_bin='/bin/dd bs=4096 count=1'
pkg_cv_LZMA_CFLAGS=-I/opt/homebrew/Cellar/xz/5.8.2/include
pkg_cv_LZMA_LIBS='-L/opt/homebrew/Cellar/xz/5.8.2/lib -llzma'
pkg_cv_Z_CFLAGS=
pkg_cv_Z_LIBS=-lz

## ----------------- ##
## Output variables. ##
## ----------------- ##

ACLOCAL='${SHELL} '\''/Users/harshmeel/Documents/Academic Website/vendor/bundle/ruby/4.0.0/gems/nokogiri-1.18.10/ext/nokogiri/tmp/arm64-apple-darwin25/ports/libxml2/2.13.9/libxml2-2.13.9/missing'\'' aclocal-1.16'
AMDEPBACKSLASH=''
AMDEP_FALSE=''
AMDEP_TRUE='#'
AMTAR='$${TAR-tar}'
AM_BACKSLASH='\'
AM_CFLAGS=' -pedantic -Wall -Wextra -Wshadow -Wpointer-arith -Wcast-align -Wwrite-strings -Wstrict-prototypes -Wmissing-prototypes -Wno-long-long -Wno-format-extra-args'
AM_DEFAULT_V='$(AM_DEFAULT_VERBOSITY)'
AM_DEFAULT_VERBOSITY='0'
AM_LDFLAGS=''
AM_V='$(V)'
AR='ar'
AUTOCONF='${SHELL} '\''/Users/harshmeel/Documents/Academic Website/vendor/bundle/ruby/4.0.0/gems/nokogiri-1.18.10/ext/nokogiri/tmp/arm64-apple-darwin25/ports/libxml2/2.13.9/libxml2-2.13.9/missing'\'' autoconf'
AUTOHEADER='${SHELL} '\''/Users/harshmeel/Documents/Academic Website/vendor/bundle/ruby/4.0.0/gems/nokogiri-1.18.10/ext/nokogiri/tmp/arm64-apple-darwin25/ports/libxml2/2.13.9/libxml2-2.13.9/missing'\'' autoheader'
AUTOMAKE='${SHELL} '\''/Users/harshmeel/Documents/Academic Website/vendor/bundle/ruby/4.0.0/gems/nokogiri-1.18.10/ext/nokogiri/tmp/arm64-apple-darwin25/ports/libxml2/2.13.9/libxml2-2.13.9/missing'\'' automake-1.16'
AWK='awk'
BASE_THREAD_LIBS=''
CC='clang'
CCDEPMODE='depmode=none'
CFLAGS='-O2 -g -fPIC'
CPPFLAGS=''
CSCOPE='cscope'
CTAGS='ctags'
CYGPATH_W='echo'
DEFS='-DHAVE_CONFIG_H'
DEPDIR='.deps'
DLLTOOL='false'
DSYMUTIL='dsymutil'
DUMPBIN=':'
ECHO_C='\c'
ECHO_N=''
ECHO_T=''
EGREP='/usr/bin/grep -E'
ETAGS='etags'
EXEEXT=''
FGREP='/usr/bin/grep -F'
FILECMD='file'
GREP='/usr/bin/grep'
ICONV_CFLAGS=''
ICU_CFLAGS=''
ICU_DEFS=''
ICU_LIBS=''
INSTALL_BINDIR='/Users/harshmeel/Documents/Academic Website/vendor/bundle/ruby/4.0.0/gems/nokogiri-1.18.10/ports/arm64-darwin25/libxml2/2.13.9/bin'
INSTALL_DATA='${INSTALL} -m 644'
INSTALL_INCLUDEDIR='/Users/harshmeel/Documents/Academic Website/vendor/bundle/ruby/4.0.0/gems/nokogiri-1.18.10/ports/arm64-darwin25/libxml2/2.13.9/include'
INSTALL_LIBDIR='/Users/harshmeel/Documents/Academic Website/vendor/bundle/ruby/4.0.0/gems/nokogiri-1.18.10/ports/arm64-darwin25/libxml2/2.13.9/lib'
INSTALL_PROGRAM='${INSTALL}'
INSTALL_SCRIPT='${INSTALL}'
INSTALL_STRIP_PROGRAM='$(install_sh) -c -s'
LD='ld'
LDFLAGS=''
LIBM=''
LIBOBJS=''
LIBS=''
LIBTOOL='$(SHELL) $(top_builddir)/libtool'
LIBXML_MAJOR_VERSION='2'
LIBXML_MICRO_VERSION='9'
LIBXML_MINOR_VERSION='13'
LIBXML_VERSION='2.13.9'
LIBXML_VERSION_EXTRA=''
LIBXML_VERSION_INFO='15:9:13'
LIBXML_VERSION_NUMBER='21309'
LIPO='lipo'
LN_S='ln -s'
LTLIBOBJS=''
LT_SYS_LIBRARY_PATH=''
LZMA_CFLAGS='-I/opt/homebrew/Cellar/xz/5.8.2/include'
LZMA_LIBS='-L/opt/homebrew/Cellar/xz/5.8.2/lib -llzma'
MAINT=''
MAINTAINER_MODE_FALSE='#'
MAINTAINER_MODE_TRUE=''
MAKEINFO='${SHELL} '\''/Users/harshmeel/Documents/Academic Website/vendor/bundle/ruby/4.0.0/gems/nokogiri-1.18.10/ext/nokogiri/tmp/arm64-apple-darwin25/ports/libxml2/2.13.9/libxml2-2.13.9/missing'\'' makeinfo'
MANIFEST_TOOL=':'
MKDIR_P='././install-sh -c -d'
MODULE_EXTENSION='.so'
MODULE_PLATFORM_LIBS=''
NM='nm'
NMEDIT='nmedit'
OBJDUMP='objdump'
OBJEXT='o'
OTOOL64=':'
OTOOL='otool'
PACKAGE='libxml2'
PACKAGE_BUGREPORT=''
PACKAGE_NAME='libxml2'
PACKAGE_STRING='libxml2 2.13.9'
PACKAGE_TARNAME='libxml2'
PACKAGE_URL=''
PACKAGE_VERSION='2.13.9'
PATH_SEPARATOR=':'
PERL='/usr/bin/perl'
PKG_CONFIG='/opt/homebrew/bin/pkg-config'
PKG_CONFIG_LIBDIR=''
PKG_CONFIG_PATH=''
PYTHON=''
PYTHON_CFLAGS=''
PYTHON_EXEC_PREFIX=''
PYTHON_LDFLAGS=''
PYTHON_LIBS=''
PYTHON_PLATFORM=''
PYTHON_PREFIX=''
PYTHON_VERSION=''
RANLIB='/usr/bin/ranlib'
RDL_CFLAGS=''
RDL_LIBS=''
RELDATE='Fri Feb 13 2026'
SED='/usr/bin/sed'
SET_MAKE=''
SHELL='/bin/sh'
STRIP='strip'
TAR='/usr/bin/tar'
THREAD_LIBS=''
USE_VERSION_SCRIPT_FALSE=''
USE_VERSION_SCRIPT_TRUE='#'
VERSION='2.13.9'
VERSION_SCRIPT_FLAGS=''
WGET='/usr/bin/wget'
WITH_C14N='1'
WITH_C14N_SOURCES_FALSE='#'
WITH_C14N_SOURCES_TRUE=''
WITH_CATALOG='1'
WITH_CATALOG_SOURCES_FALSE='#'
WITH_CATALOG_SOURCES_TRUE=''
WITH_DEBUG='1'
WITH_DEBUG_SOURCES_FALSE='#'
WITH_DEBUG_SOURCES_TRUE=''
WITH_FTP='0'
WITH_FTP_SOURCES_FALSE=''
WITH_FTP_SOURCES_TRUE='#'
WITH_GLOB_FALSE='#'
WITH_GLOB_TRUE=''
WITH_HTML='1'
WITH_HTML_SOURCES_FALSE='#'
WITH_HTML_SOURCES_TRUE=''
WITH_HTTP='1'
WITH_HTTP_SOURCES_FALSE='#'
WITH_HTTP_SOURCES_TRUE=''
WITH_ICONV='1'
WITH_ICU='0'
WITH_ISO8859X='1'
WITH_LEGACY='1'
WITH_LEGACY_SOURCES_FALSE='#'
WITH_LEGACY_SOURCES_TRUE=''
WITH_LZMA='1'
WITH_LZMA_SOURCES_FALSE='#'
WITH_LZMA_SOURCES_TRUE=''
WITH_MODULES='1'
WITH_MODULES_SOURCES_FALSE='#'
WITH_MODULES_SOURCES_TRUE=''
WITH_OUTPUT='1'
WITH_OUTPUT_SOURCES_FALSE='#'
WITH_OUTPUT_SOURCES_TRUE=''
WITH_PATTERN='1'
WITH_PATTERN_SOURCES_FALSE='#'
WITH_PATTERN_SOURCES_TRUE=''
WITH_PUSH='1'
WITH_PYTHON_FALSE=''
WITH_PYTHON_TRUE='#'
WITH_READER='1'
WITH_READER_SOURCES_FALSE='#'
WITH_READER_SOURCES_TRUE=''
WITH_REGEXPS='1'
WITH_REGEXPS_SOURCES_FALSE='#'
WITH_REGEXPS_SOURCES_TRUE=''
WITH_SAX1='1'
WITH_SAX1_SOURCES_FALSE='#'
WITH_SAX1_SOURCES_TRUE=''
WITH_SCHEMAS='1'
WITH_SCHEMAS_SOURCES_FALSE='#'
WITH_SCHEMAS_SOURCES_TRUE=''
WITH_SCHEMATRON='1'
WITH_SCHEMATRON_SOURCES_FALSE='#'
WITH_SCHEMATRON_SOURCES_TRUE=''
WITH_THREADS='1'
WITH_THREAD_ALLOC='0'
WITH_TREE='1'
WITH_VALID='1'
WITH_VALID_SOURCES_FALSE='#'
WITH_VALID_SOURCES_TRUE=''
WITH_WRITER='1'
WITH_WRITER_SOURCES_FALSE='#'
WITH_WRITER_SOURCES_TRUE=''
WITH_XINCLUDE='1'
WITH_XINCLUDE_SOURCES_FALSE='#'
WITH_XINCLUDE_SOURCES_TRUE=''
WITH_XPATH='1'
WITH_XPATH_SOURCES_FALSE='#'
WITH_XPATH_SOURCES_TRUE=''
WITH_XPTR='1'
WITH_XPTR_LOCS='0'
WITH_XPTR_SOURCES_FALSE='#'
WITH_XPTR_SOURCES_TRUE=''
WITH_ZLIB='1'
XML_CFLAGS=''
XML_INCLUDEDIR='-I${includedir}/libxml2'
XML_LIBDIR='-L${libdir}'
XML_LIBS='-lxml2'
XML_LIBTOOLLIBS='libxml2.la'
XML_PC_LIBS='  -liconv   '
XML_PC_LIBS_PRIVATE=''
XML_PC_PRIVATE=''
XML_PC_REQUIRES=' zlib liblzma'
XML_PRIVATE_CFLAGS='  -I/opt/homebrew/Cellar/xz/5.8.2/include '
XML_PRIVATE_LIBS=' -lz -L/opt/homebrew/Cellar/xz/5.8.2/lib -llzma  -liconv   '
XML_PRIVATE_LIBS_NO_SHARED=' -lz -L/opt/homebrew/Cellar/xz/5.8.2/lib -llzma  -liconv   '
XSLTPROC='/usr/bin/xsltproc'
Z_CFLAGS=''
Z_LIBS='-lz'
ac_ct_AR=''
ac_ct_CC=''
ac_ct_DUMPBIN='link -dump'
am__EXEEXT_FALSE=''
am__EXEEXT_TRUE='#'
am__fastdepCC_FALSE=''
am__fastdepCC_TRUE='#'
am__include='include'
am__isrc=''
am__leading_dot='.'
am__nodep=''
am__quote=''
am__tar='$${TAR-tar} chof - "$$tardir"'
am__untar='$${TAR-tar} xf -'
bindir='${exec_prefix}/bin'
build='aarch64-apple-darwin25.2.0'
build_alias=''
build_cpu='aarch64'
build_os='darwin25.2.0'
build_vendor='apple'
datadir='${datarootdir}'
datarootdir='${prefix}/share'
docdir='${datarootdir}/doc/${PACKAGE_TARNAME}'
dvidir='${docdir}'
exec_prefix='${prefix}'
host='aarch64-apple-darwin25'
host_alias='arm64-apple-darwin25'
host_cpu='aarch64'
host_os='darwin25'
host_vendor='apple'
htmldir='${docdir}'
includedir='${prefix}/include'
infodir='${datarootdir}/info'
install_sh='${SHELL} '\''/Users/harshmeel/Documents/Academic Website/vendor/bundle/ruby/4.0.0/gems/nokogiri-1.18.10/ext/nokogiri/tmp/arm64-apple-darwin25/ports/libxml2/2.13.9/libxml2-2.13.9/install-sh'\'''
libdir='/Users/harshmeel/Documents/Academic Website/vendor/bundle/ruby/4.0.0/gems/nokogiri-1.18.10/ports/arm64-darwin25/libxml2/2.13.9/lib'
libexecdir='${exec_prefix}/libexec'
localedir='${datarootdir}/locale'
localstatedir='${prefix}/var'
mandir='${datarootdir}/man'
mkdir_p='$(MKDIR_P)'
oldincludedir='/usr/include'
pdfdir='${docdir}'
pkgpyexecdir=''
pkgpythondir=''
prefix='/Users/harshmeel/Documents/Academic Website/vendor/bundle/ruby/4.0.0/gems/nokogiri-1.18.10/ports/arm64-darwin25/libxml2/2.13.9'
program_transform_name='s,x,x,'
psdir='${docdir}'
pyexecdir=''
pythondir=''
runstatedir='${localstatedir}/run'
sbindir='${exec_prefix}/sbin'
sharedstatedir='${prefix}/com'
sysconfdir='${prefix}/etc'
target_alias=''

## ----------- ##
## confdefs.h. ##
## ----------- ##

/* confdefs.h */
#define PACKAGE_NAME "libxml2"
#define PACKAGE_TARNAME "libxml2"
#define PACKAGE_VERSION "2.13.9"
#define PACKAGE_STRING "libxml2 2.13.9"
#define PACKAGE_BUGREPORT ""
#define PACKAGE_URL ""
#define PACKAGE "libxml2"
#define VERSION "2.13.9"
#define HAVE_STDIO_H 1
#define HAVE_STDLIB_H 1
#define HAVE_STRING_H 1
#define HAVE_INTTYPES_H 1
#define HAVE_STDINT_H 1
#define HAVE_STRINGS_H 1
#define HAVE_SYS_STAT_H 1
#define HAVE_SYS_TYPES_H 1
#define HAVE_UNISTD_H 1
#define STDC_HEADERS 1
#define HAVE_DLFCN_H 1
#define LT_OBJDIR ".libs/"
#define HAVE_STDINT_H 1
#define HAVE_FCNTL_H 1
#define HAVE_UNISTD_H 1
#define HAVE_SYS_STAT_H 1
#define HAVE_SYS_MMAN_H 1
#define HAVE_SYS_TIME_H 1
#define HAVE_SYS_TIMEB_H 1
#define HAVE_SYS_RANDOM_H 1
#define HAVE_DLFCN_H 1
#define HAVE_GLOB_H 1
#define HAVE_GETTIMEOFDAY 1
#define HAVE_FTIME 1
#define HAVE_STAT 1
#define HAVE_MMAP 1
#define HAVE_MUNMAP 1
#define HAVE_GETENTROPY 1
#define HAVE_SYS_SOCKET_H 1
#define HAVE_NETINET_IN_H 1
#define HAVE_ARPA_INET_H 1
#define HAVE_NETDB_H 1
#define HAVE_SYS_SELECT_H 1
#define HAVE_POLL_H 1
#define XML_SOCKLEN_T socklen_t
#define SUPPORT_IP6 /**/
#define HAVE_ATTRIBUTE_DESTRUCTOR 1
#define ATTRIBUTE_DESTRUCTOR __attribute__((destructor))
#define HAVE_DLOPEN /**/
#define HAVE_PTHREAD_H 1
#define HAVE_PTHREAD_H /**/

configure: exit 0
